Build started 4.10.2013 18:59:13.
     1>Project "F:\CEN133-SOFTWARE ENGINEER\PROJECTS\Malloc Calloc\Malloc Calloc\Malloc Calloc.vcxproj" on node 2 (build target(s)).
     1>InitializeBuildStatus:
         Touching "Debug\Malloc Calloc.unsuccessfulbuild".
       ClCompile:
         C:\Program Files (x86)\Microsoft Visual Studio 10.0\VC\bin\CL.exe /c /ZI /nologo /W3 /WX- /Od /Oy- /D "WIN32" /D _DEBUG /D _CONSOLE /D "_UNICODE" /D "UNICODE" /Gm /EHsc /RTC1 /MDd /GS /fp:precise /Zc:wchar_t /Zc:forScope /Fo"Debug\\" /Fd"Debug\vc100.pdb" /Gd /TC /analyze- /errorReport:prompt mc.c
         mc.c
     1>f:\cen133-software engineer\projects\malloc calloc\malloc calloc\mc.c(22): error C2143: syntax error : missing ')' before ';'
     1>Done Building Project "F:\CEN133-SOFTWARE ENGINEER\PROJECTS\Malloc Calloc\Malloc Calloc\Malloc Calloc.vcxproj" (build target(s)) -- FAILED.

Build FAILED.

Time Elapsed 00:00:00.05
